<?xml version="1.0" encoding="UTF-8" ?>
<testsuite tests="21" failures="0" name="TestRunner" time="0.059" errors="0" skipped="0">
  <properties>
[...]
</properties>
  <testcase classname="| 1 | 1 |" name="Given browsers window size is set to &quot;1&quot; and &quot;1&quot;" time="0.04"/>
  <testcase classname="| 1 | 1 |" name="Given user is on Hostelworld homepage" time="0"/>
  <testcase classname="| 1 | 1 |" name="When he searches for &quot;Dublin, Ireland&quot;" time="0"/>
  <testcase classname="| 1 | 1 |" name="Then only results containing &quot;Dublin&quot; should be displayed" time="0"/>
  <testcase classname="| 1 | 1 |" name="And he selects &quot;sortByName&quot;" time="0"/>
  <testcase classname="| 1 | 1 |" name="Then the results should be displayed alphabetically" time="0"/>
  <testcase classname="| 1 | 1 |" name="| 1 | 1 |" time="0.008"/>
  <testcase classname="| 412 | 732 |" name="Given browsers window size is set to &quot;412&quot; and &quot;732&quot;" time="0"/>
  <testcase classname="| 412 | 732 |" name="Given user is on Hostelworld homepage" time="0.002"/>
  <testcase classname="| 412 | 732 |" name="When he searches for &quot;Dublin, Ireland&quot;" time="0.002"/>
  <testcase classname="| 412 | 732 |" name="Then only results containing &quot;Dublin&quot; should be displayed" time="0"/>
  <testcase classname="| 412 | 732 |" name="And he selects &quot;sortByName&quot;" time="0"/>
  <testcase classname="| 412 | 732 |" name="Then the results should be displayed alphabetically" time="0"/>
  <testcase classname="| 412 | 732 |" name="| 412 | 732 |" time="0.001"/>
  <testcase classname="| 768 | 1024 |" name="Given browsers window size is set to &quot;768&quot; and &quot;1024&quot;" time="0"/>
  <testcase classname="| 768 | 1024 |" name="Given user is on Hostelworld homepage" time="0"/>
  <testcase classname="| 768 | 1024 |" name="When he searches for &quot;Dublin, Ireland&quot;" time="0.001"/>
  <testcase classname="| 768 | 1024 |" name="Then only results containing &quot;Dublin&quot; should be displayed" time="0.002"/>
  <testcase classname="| 768 | 1024 |" name="And he selects &quot;sortByName&quot;" time="0"/>
  <testcase classname="| 768 | 1024 |" name="Then the results should be displayed alphabetically" time="0"/>
  <testcase classname="| 768 | 1024 |" name="| 768 | 1024 |" time="0.003"/>
</testsuite>